# JRE version: Java(TM) SE Runtime Environment (8.0_102-b14) (build 1.8.0_102-b14)
# Java VM: Java HotSpot(TM) 64-Bit Server VM (25.102-b14 mixed mode linux-amd64 compressed oops)
Heap:
 PSYoungGen      total 289280K, used 36876K [0x00000000eab00000, 0x0000000100000000, 0x0000000100000000)
  eden space 240128K, 0% used [0x00000000eab00000,0x00000000eab00000,0x00000000f9580000)
  from space 49152K, 75% used [0x00000000f9580000,0x00000000fb983000,0x00000000fc580000)
  to   space 59904K, 0% used [0x00000000fc580000,0x00000000fc580000,0x0000000100000000)
 ParOldGen       total 166400K, used 166334K [0x00000000c0000000, 0x00000000ca280000, 0x00000000eab00000)
  object space 166400K, 99% used [0x00000000c0000000,0x00000000ca26fb40,0x00000000ca280000)
 Metaspace       used 6449K, capacity 7256K, committed 7424K, reserved 1056768K
  class space    used 612K, capacity 656K, committed 768K, reserved 1048576K
GC Heap History (10 events):
Event: 4,925 GC heap after
Heap after GC invocations=4 (full 0):
 PSYoungGen      total 132096K, used 5111K [0x00000000eab00000, 0x00000000f3100000, 0x0000000100000000)
  eden space 126976K, 0% used [0x00000000eab00000,0x00000000eab00000,0x00000000f2700000)
  from space 5120K, 99% used [0x00000000f2c00000,0x00000000f30fdc80,0x00000000f3100000)
  to   space 5120K, 0% used [0x00000000f2700000,0x00000000f2700000,0x00000000f2c00000)
 ParOldGen       total 84992K, used 23331K [0x00000000c0000000, 0x00000000c5300000, 0x00000000eab00000)
  object space 84992K, 27% used [0x00000000c0000000,0x00000000c16c8e30,0x00000000c5300000)
 Metaspace       used 6035K, capacity 6936K, committed 7168K, reserved 1056768K
  class space    used 610K, capacity 656K, committed 768K, reserved 1048576K
}
Event: 9,521 GC heap before
{Heap before GC invocations=5 (full 0):
 PSYoungGen      total 132096K, used 132087K [0x00000000eab00000, 0x00000000f3100000, 0x0000000100000000)
  eden space 126976K, 100% used [0x00000000eab00000,0x00000000f2700000,0x00000000f2700000)
  from space 5120K, 99% used [0x00000000f2c00000,0x00000000f30fdc80,0x00000000f3100000)
  to   space 5120K, 0% used [0x00000000f2700000,0x00000000f2700000,0x00000000f2c00000)
 ParOldGen       total 84992K, used 23331K [0x00000000c0000000, 0x00000000c5300000, 0x00000000eab00000)
  object space 84992K, 27% used [0x00000000c0000000,0x00000000c16c8e30,0x00000000c5300000)
 Metaspace       used 6388K, capacity 7192K, committed 7424K, reserved 1056768K
  class space    used 611K, capacity 656K, committed 768K, reserved 1048576K
Event: 9,855 GC heap after
Heap after GC invocations=5 (full 0):
 PSYoungGen      total 132096K, used 5090K [0x00000000eab00000, 0x00000000fe800000, 0x0000000100000000)
  eden space 126976K, 0% used [0x00000000eab00000,0x00000000eab00000,0x00000000f2700000)
  from space 5120K, 99% used [0x00000000f2700000,0x00000000f2bf8810,0x00000000f2c00000)
  to   space 35328K, 0% used [0x00000000fc580000,0x00000000fc580000,0x00000000fe800000)
 ParOldGen       total 84992K, used 54450K [0x00000000c0000000, 0x00000000c5300000, 0x00000000eab00000)
  object space 84992K, 64% used [0x00000000c0000000,0x00000000c352c878,0x00000000c5300000)
 Metaspace       used 6388K, capacity 7192K, committed 7424K, reserved 1056768K
  class space    used 611K, capacity 656K, committed 768K, reserved 1048576K
}
Event: 13,996 GC heap before
{Heap before GC invocations=6 (full 0):
 PSYoungGen      total 132096K, used 132066K [0x00000000eab00000, 0x00000000fe800000, 0x0000000100000000)
  eden space 126976K, 100% used [0x00000000eab00000,0x00000000f2700000,0x00000000f2700000)
  from space 5120K, 99% used [0x00000000f2700000,0x00000000f2bf8810,0x00000000f2c00000)
  to   space 35328K, 0% used [0x00000000fc580000,0x00000000fc580000,0x00000000fe800000)
 ParOldGen       total 84992K, used 54450K [0x00000000c0000000, 0x00000000c5300000, 0x00000000eab00000)
  object space 84992K, 64% used [0x00000000c0000000,0x00000000c352c878,0x00000000c5300000)
 Metaspace       used 6432K, capacity 7256K, committed 7424K, reserved 1056768K
  class space    used 611K, capacity 656K, committed 768K, reserved 1048576K
Event: 14,346 GC heap after
Heap after GC invocations=6 (full 0):
 PSYoungGen      total 275456K, used 35306K [0x00000000eab00000, 0x0000000100000000, 0x0000000100000000)
  eden space 240128K, 0% used [0x00000000eab00000,0x00000000eab00000,0x00000000f9580000)
  from space 35328K, 99% used [0x00000000fc580000,0x00000000fe7faaf8,0x00000000fe800000)
  to   space 49152K, 0% used [0x00000000f9580000,0x00000000f9580000,0x00000000fc580000)
 ParOldGen       total 84992K, used 65159K [0x00000000c0000000, 0x00000000c5300000, 0x00000000eab00000)
  object space 84992K, 76% used [0x00000000c0000000,0x00000000c3fa1f90,0x00000000c5300000)
 Metaspace       used 6432K, capacity 7256K, committed 7424K, reserved 1056768K
  class space    used 611K, capacity 656K, committed 768K, reserved 1048576K
}
Event: 14,346 GC heap before
{Heap before GC invocations=7 (full 1):
 PSYoungGen      total 275456K, used 35306K [0x00000000eab00000, 0x0000000100000000, 0x0000000100000000)
  eden space 240128K, 0% used [0x00000000eab00000,0x00000000eab00000,0x00000000f9580000)
  from space 35328K, 99% used [0x00000000fc580000,0x00000000fe7faaf8,0x00000000fe800000)
  to   space 49152K, 0% used [0x00000000f9580000,0x00000000f9580000,0x00000000fc580000)
 ParOldGen       total 84992K, used 65159K [0x00000000c0000000, 0x00000000c5300000, 0x00000000eab00000)
  object space 84992K, 76% used [0x00000000c0000000,0x00000000c3fa1f90,0x00000000c5300000)
 Metaspace       used 6432K, capacity 7256K, committed 7424K, reserved 1056768K
  class space    used 611K, capacity 656K, committed 768K, reserved 1048576K
Event: 16,822 GC heap after
Heap after GC invocations=7 (full 1):
 PSYoungGen      total 275456K, used 7951K [0x00000000eab00000, 0x0000000100000000, 0x0000000100000000)
  eden space 240128K, 0% used [0x00000000eab00000,0x00000000eab00000,0x00000000f9580000)
  from space 35328K, 22% used [0x00000000fc580000,0x00000000fcd43d10,0x00000000fe800000)
  to   space 49152K, 0% used [0x00000000f9580000,0x00000000f9580000,0x00000000fc580000)
 ParOldGen       total 166400K, used 84582K [0x00000000c0000000, 0x00000000ca280000, 0x00000000eab00000)
  object space 166400K, 50% used [0x00000000c0000000,0x00000000c52998f0,0x00000000ca280000)
 Metaspace       used 6432K, capacity 7256K, committed 7424K, reserved 1056768K
  class space    used 611K, capacity 656K, committed 768K, reserved 1048576K
}
Event: 17,575 GC heap before
{Heap before GC invocations=8 (full 1):
 PSYoungGen      total 275456K, used 248079K [0x00000000eab00000, 0x0000000100000000, 0x0000000100000000)
  eden space 240128K, 100% used [0x00000000eab00000,0x00000000f9580000,0x00000000f9580000)
  from space 35328K, 22% used [0x00000000fc580000,0x00000000fcd43d10,0x00000000fe800000)
  to   space 49152K, 0% used [0x00000000f9580000,0x00000000f9580000,0x00000000fc580000)
 ParOldGen       total 166400K, used 84582K [0x00000000c0000000, 0x00000000ca280000, 0x00000000eab00000)
  object space 166400K, 50% used [0x00000000c0000000,0x00000000c52998f0,0x00000000ca280000)
 Metaspace       used 6449K, capacity 7256K, committed 7424K, reserved 1056768K
  class space    used 612K, capacity 656K, committed 768K, reserved 1048576K
Event: 17,971 GC heap after
Heap after GC invocations=8 (full 1):
 PSYoungGen      total 289280K, used 49134K [0x00000000eab00000, 0x0000000100000000, 0x0000000100000000)
  eden space 240128K, 0% used [0x00000000eab00000,0x00000000eab00000,0x00000000f9580000)
  from space 49152K, 99% used [0x00000000f9580000,0x00000000fc57b918,0x00000000fc580000)
  to   space 59904K, 0% used [0x00000000fc580000,0x00000000fc580000,0x0000000100000000)
 ParOldGen       total 166400K, used 163907K [0x00000000c0000000, 0x00000000ca280000, 0x00000000eab00000)
  object space 166400K, 98% used [0x00000000c0000000,0x00000000ca010ca8,0x00000000ca280000)
 Metaspace       used 6449K, capacity 7256K, committed 7424K, reserved 1056768K
  class space    used 612K, capacity 656K, committed 768K, reserved 1048576K
}
Event: 17,971 GC heap before
{Heap before GC invocations=9 (full 2):
 PSYoungGen      total 289280K, used 49134K [0x00000000eab00000, 0x0000000100000000, 0x0000000100000000)
  eden space 240128K, 0% used [0x00000000eab00000,0x00000000eab00000,0x00000000f9580000)
  from space 49152K, 99% used [0x00000000f9580000,0x00000000fc57b918,0x00000000fc580000)
  to   space 59904K, 0% used [0x00000000fc580000,0x00000000fc580000,0x0000000100000000)
 ParOldGen       total 166400K, used 163907K [0x00000000c0000000, 0x00000000ca280000, 0x00000000eab00000)
  object space 166400K, 98% used [0x00000000c0000000,0x00000000ca010ca8,0x00000000ca280000)
 Metaspace       used 6449K, capacity 7256K, committed 7424K, reserved 1056768K
  class space    used 612K, capacity 656K, committed 768K, reserved 1048576K

